dd3280bf02f6309487,818857f502d9f143b0,c829afa5014cfa42e7,5dd0d4f40142dfa6c3,104a568b01b2c8901a	
569271c501cd1a1d30,5bde76430175541691,aae2b32901039e602b,5f7220c402db900fdc,32b61d660116167715	
aa4ab3b202cce80b3e,fbdc12530215962957,83c87700019bff5a04,dd32a5e40213896263,fca6b6290124f30dc7	
b9f112a002ede9689a,b0d91b80028ec23dfa	
27342e6d02df605265,4f52b45e01d4e8abfe	
c27c2b94010c8849a4,c47acc49027fbfb0e0,2534e13102b03c4872,69f84592023a044d84	
fdad630802917c89df	
1b7964a002b8db8d1d,0610dcf102dea04838,f66cdf2d01639afffb,67c496d30219ddbc84,d0c8771802e7c6fb03	
d478e7df02915e8993	
209ac879023a990a2c	
1f1bb975023d1ff192,dfd8789c0210906ff1,4d65ef300235981330,444529be014c404d7f,c1f48acc02cdc595ae	
519d26ac017f628c46,340881960278b68f63,926247e302d3f1c736,a98b85800263f9c9a3,21c310e20217214a94	
5ebbabad02e5b6299f,695cc408016cbaa567,5aacaeca01bbe76e46	
702e04860127666878	
227efd930147fc4b6e,1d1cb23801d74089a3,96ef498902ac4fa4fe,1b993f6701e0bfa27f,e03fceb6014f49f07b	
9cd9c30c0246280559,560ce6b10248ff21b8,7d393926029dfca2df,283c49ec0204fce9b8,dc1ddf9b01740f4349	
900a352901d404d529	
58e5b7cc02edaa26cf,25eec8900174c788da,c18d27d3023864438d,87adfcf801ec251958,496f5c3301354a796b	
ca80657002ad4de2bd,6275add302ed5ef6f4	
8faee7c5026ea79da3	
6527069a012fcfd3ca,0ff2f81a026da16435,95910e8c028b3b66fe	
10dbdd150249ae1cac	
e16bfd1702a76d1df6,d703610c01fd0d0c9a,551afb900235d4b592,ec5fc7ef02fe6c41d1,0b0fa63e02c77fcd2e	
74db2dac014008c275	
3162f7a902c1caf12c,6beaa26e01c0493cc7,aff184260165ff7322,8bec250a01cbcf71cf,be74e8be016bbb9248	
17be9a5d01c42f36d2,c699b71602dbe72196,aad751d60212f557a8,b51d778d02d6c4bd37,560fdc5202ca42738e	
757765e1023d1486ca,8549f806027d216100,878b3670022d00410c,a935932701e1179f32,539602cb023ac66a34	
9c62db6402afdcc67e,8734473802e2d3df5d,e8a6e7de0266baf650,780adc93021ae2dc54,a22ee84d020c162171	
3eba1dc602bdcef1da,7d2e6e4e023676dbf2,15dc2c8901378b808a,19d7457c02ea018748,f82ba11a02f873d04d	
a745a49702c309b027,fff9099802b6a40030,3fdc98b1016d3621d6,703e963901e139751e,7e6b62c3011aa2bca2	
7d72282201758c748c,f96054c202b130fa13,2b608f7702dec41a11,3a0c1f420289804db8,2d7e2deb0153e747ad	
c88253030129a335dd,2391c8b10100459d00,31cc5255025fa705a2,4dc52ff80262cb8b19,e222fa1801b2e1a8fa	
59b2e45d01ad1ab663,003e986701c304a256,807b5c6902351788cd	
80bcaad701541ce913	
f523ab98017c9256ad,233b205002ed20d0ff,59a5f81402ee30e982,9e162d0002cd16120b,2d6ba08b01a6c9d4d5	
0c03a5850259c536a4,b9cc59300294632abb,b25ac38702870116d5,7f908e6501393c2034,7b38905002987ce9a7	
b8aaf60801cdb90bb7,db68db210226ad8af1,77365ebd0104eb7b0d,73521f900163f3d108,06ae44fd012aa200a9	
674d3e9c0186d8a851,6f1659f4021f634d69,606b081201f84c2941,0f57f96b013906bdef,7084df3d02a0ea4298	
5573be83018dfd6a87,7e36643e01b1324277,dc9a9f7f01a0d63e3f,9ac31be702d68c3174,3402c36d02f62428f5	
7d66274801d1881b31,224185a00275af7cc3,efe5d613014ce97be7,b0f1b87902ce668736,7742188202f6e3c027	
133805db025d06097d,84668f3a02086029b2,844aca700209a4b710	
8a760fc50190d945c4,ced03dd2024d07cb82,d5f4cc8702cfe43b3a	
2b80563001eb9078c8,4dc9c4fd01ef8f48e1,6e2c81c0020710fa22,d078e1a001fc0e49da	
7ca54e99020132cde4	
a9be7edf0222719a9d,8126a247017b810c0e,a595f06b01772bae2e,41186b6a02865ade15,4955547202239badf0	
d1f2f3fe0136d16d1d,364f3bb702e464dd3e,95281c82023c929776,7f2be87a01067cb8c6,5c9ad2ec02c46c76de	
a3cf40c502d8ec534d,e174e09a02948ffdee	
13f983c3018fa58538	
6f0ac8ea01cd85d0f6,84d3d40601547165c6,573482a6020147003d,5dbfc16801b615a8b1,147dce0e02d1a8ae6f	
df5484bd0252776a08,865bf93002abdb31dd,bf5afe3602e9129c34,334a2eff02d2cf25ec	
