-------------------------------------------
Batch: 0
-------------------------------------------
+------+----+------+
|domain|view|unique|
+------+----+------+
+------+----+------+

-------------------------------------------
Batch: 1
-------------------------------------------
+------------------+----+------+
|domain            |view|unique|
+------------------+----+------+
|www.wmj.ru        |4   |4     |
|www.championat.com|2   |2     |
|riafan.ru         |2   |2     |
|www.mk.ru         |2   |2     |
|woman.rambler.ru  |2   |2     |
|63pokupki.ru      |2   |2     |
|russian.rt.com    |1   |1     |
|www.svyaznoy.ru   |1   |1     |
|news.rambler.ru   |1   |1     |
|www.okino.ua      |1   |1     |
+------------------+----+------+

-------------------------------------------
Batch: 2
-------------------------------------------
+------------------+----+------+
|domain            |view|unique|
+------------------+----+------+
|news.rambler.ru   |6   |6     |
|www.wmj.ru        |4   |4     |
|www.rambler.ru    |4   |4     |
|m.lenta.ru        |3   |3     |
|www.mk.ru         |3   |3     |
|ria.ru            |2   |2     |
|www.championat.com|2   |2     |
|riafan.ru         |2   |2     |
|www.yaplakal.com  |2   |2     |
|www.cosmo.ru      |2   |2     |
+------------------+----+------+

-------------------------------------------
Batch: 3
-------------------------------------------
+---------------------+----+------+
|domain               |view|unique|
+---------------------+----+------+
|news.rambler.ru      |9   |8     |
|www.mk.ru            |5   |5     |
|www.wmj.ru           |5   |5     |
|www.yaplakal.com     |5   |5     |
|www.rambler.ru       |5   |5     |
|m.lenta.ru           |4   |4     |
|life.ru              |4   |4     |
|football.kulichki.net|3   |3     |
|www.cosmo.ru         |3   |3     |
|woman.rambler.ru     |3   |3     |
+---------------------+----+------+

-------------------------------------------
Batch: 4
-------------------------------------------
+---------------------+----+------+
|domain               |view|unique|
+---------------------+----+------+
|news.rambler.ru      |10  |9     |
|www.yaplakal.com     |8   |8     |
|www.rambler.ru       |6   |6     |
|www.wmj.ru           |5   |5     |
|yandex.ru            |5   |5     |
|www.mk.ru            |5   |5     |
|m.lenta.ru           |4   |4     |
|football.kulichki.net|4   |4     |
|ria.ru               |4   |4     |
|life.ru              |4   |4     |
+---------------------+----+------+
