-------------------------------------------
Batch: 0
-------------------------------------------
+------+----+----+------+
|window|zone|view|unique|
+------+----+----+------+
+------+----+----+------+

-------------------------------------------
Batch: 1
-------------------------------------------
+------------------------------------------+------+----+------+
|window                                    |zone  |view|unique|
+------------------------------------------+------+----+------+
|[2018-04-01 13:20:59, 2018-04-01 13:21:01]|ru    |22  |21    |
|[2018-04-01 13:20:59, 2018-04-01 13:21:01]|not ru|8   |8     |
|[2018-04-01 13:21:00, 2018-04-01 13:21:02]|ru    |39  |38    |
|[2018-04-01 13:21:00, 2018-04-01 13:21:02]|not ru|11  |10    |
|[2018-04-01 13:21:01, 2018-04-01 13:21:03]|ru    |17  |16    |
|[2018-04-01 13:21:01, 2018-04-01 13:21:03]|not ru|3   |3     |
+------------------------------------------+------+----+------+

-------------------------------------------
Batch: 2
-------------------------------------------
+------------------------------------------+------+----+------+
|window                                    |zone  |view|unique|
+------------------------------------------+------+----+------+
|[2018-04-01 13:20:59, 2018-04-01 13:21:01]|ru    |44  |45    |
|[2018-04-01 13:20:59, 2018-04-01 13:21:01]|not ru|17  |17    |
|[2018-04-01 13:21:00, 2018-04-01 13:21:02]|ru    |77  |76    |
|[2018-04-01 13:21:00, 2018-04-01 13:21:02]|not ru|23  |21    |
|[2018-04-01 13:21:01, 2018-04-01 13:21:03]|ru    |33  |33    |
|[2018-04-01 13:21:01, 2018-04-01 13:21:03]|not ru|6   |5     |
+------------------------------------------+------+----+------+

-------------------------------------------
Batch: 3
-------------------------------------------
+------------------------------------------+------+----+------+
|window                                    |zone  |view|unique|
+------------------------------------------+------+----+------+
|[2018-04-01 13:20:59, 2018-04-01 13:21:01]|ru    |64  |63    |
|[2018-04-01 13:20:59, 2018-04-01 13:21:01]|not ru|24  |25    |
|[2018-04-01 13:21:00, 2018-04-01 13:21:02]|ru    |115 |110   |
|[2018-04-01 13:21:00, 2018-04-01 13:21:02]|not ru|35  |34    |
|[2018-04-01 13:21:01, 2018-04-01 13:21:03]|ru    |51  |48    |
|[2018-04-01 13:21:01, 2018-04-01 13:21:03]|not ru|11  |10    |
+------------------------------------------+------+----+------+

-------------------------------------------
Batch: 4
-------------------------------------------
+------------------------------------------+------+----+------+
|window                                    |zone  |view|unique|
+------------------------------------------+------+----+------+
|[2018-04-01 13:20:59, 2018-04-01 13:21:01]|ru    |88  |88    |
|[2018-04-01 13:20:59, 2018-04-01 13:21:01]|not ru|32  |32    |
|[2018-04-01 13:21:00, 2018-04-01 13:21:02]|ru    |189 |186   |
|[2018-04-01 13:21:00, 2018-04-01 13:21:02]|not ru|61  |57    |
|[2018-04-01 13:21:01, 2018-04-01 13:21:03]|ru    |101 |98    |
|[2018-04-01 13:21:01, 2018-04-01 13:21:03]|not ru|29  |28    |
+------------------------------------------+------+----+------+
